c:\users\sch\documents\visual studio 2015\projects\project2\project2\debug\vc140.pdb
c:\users\sch\documents\visual studio 2015\projects\project2\project2\debug\vc140.idb
c:\users\sch\documents\visual studio 2015\projects\project2\project2\debug\pluginsdk.obj
c:\users\sch\documents\visual studio 2015\projects\project2\project2\debug\xu jhin.obj
c:\users\sch\documents\visual studio 2015\projects\project2\debug\xu jhin.ilk
c:\users\sch\documents\visual studio 2015\projects\project2\debug\xu jhin.dll
c:\users\sch\documents\visual studio 2015\projects\project2\debug\xu jhin.pdb
c:\users\sch\documents\visual studio 2015\projects\project2\project2\debug\project2.res
c:\users\sch\documents\visual studio 2015\projects\project2\debug\xu jhin.lib
c:\users\sch\documents\visual studio 2015\projects\project2\debug\xu jhin.exp
c:\users\sch\documents\visual studio 2015\projects\project2\project2\debug\xu jhin.tlog\cl.command.1.tlog
c:\users\sch\documents\visual studio 2015\projects\project2\project2\debug\xu jhin.tlog\cl.read.1.tlog
c:\users\sch\documents\visual studio 2015\projects\project2\project2\debug\xu jhin.tlog\cl.write.1.tlog
c:\users\sch\documents\visual studio 2015\projects\project2\project2\debug\xu jhin.tlog\link.command.1.tlog
c:\users\sch\documents\visual studio 2015\projects\project2\project2\debug\xu jhin.tlog\link.read.1.tlog
c:\users\sch\documents\visual studio 2015\projects\project2\project2\debug\xu jhin.tlog\link.write.1.tlog
c:\users\sch\documents\visual studio 2015\projects\project2\project2\debug\xu jhin.tlog\rc.command.1.tlog
c:\users\sch\documents\visual studio 2015\projects\project2\project2\debug\xu jhin.tlog\rc.read.1.tlog
c:\users\sch\documents\visual studio 2015\projects\project2\project2\debug\xu jhin.tlog\rc.write.1.tlog
c:\users\sch\documents\visual studio 2015\projects\project2\project2\debug\xu jhin.tlog\xu jhin.write.1u.tlog
